Molecules without Raman spectra:
glutamic acid (amino acids)
glutamine (amino acids)
isoleucine (amino acids)
leucine (amino acids)
lysine (amino acids)
methionine (amino acids)
threonine (amino acids)
caprylic acid (lipids)
decane (lipids)
decanoic acid (lipids)
dodecane (lipids)
heptane (lipids)
hexadecanol (lipids)
hexane (lipids)
nonane (lipids)
octane (lipids)
undecane (lipids)
barbituric acid (nucleic acids)
cytidine (nucleic acids)
imidazole (nucleic acids)
nicotinamide (nucleic acids)
nicotinic acid (nucleic acids)
purine (nucleic acids)
pyrimidine (nucleic acids)
thymidine (nucleic acids)
uric acid (nucleic acids)
uridine (nucleic acids)
acetate (primary metabolites)
acetone (primary metabolites)
alpha-ketoglutarate (primary metabolites)
butyrate (primary metabolites)
choline (primary metabolites)
creatine (primary metabolites)
ethanol (primary metabolites)
formate (primary metabolites)
isopropanol (primary metabolites)
lactate (primary metabolites)
methanol (primary metabolites)
propionate (primary metabolites)
urea (primary metabolites)
acetamide (proteins)
aniline (proteins)
benzamide (proteins)
biuret (proteins)
butylamine (proteins)
butyramide (proteins)
dimethylformamide (proteins)
ethylamine (proteins)
formamide (proteins)
guanidine (proteins)
imidazole (proteins)
indole (proteins)
methylamine (proteins)
n-methylacetamide (proteins)
propionamide (proteins)
propylamine (proteins)
pyrrole (proteins)
urea (proteins)
erythritol (saccharides)
inositol (saccharides)
mannitol (saccharides)
sorbitol (saccharides)
xylitol (saccharides)
